2019-09-27 21:21:47.792  INFO 13804 --- [restartedMain] c.i.j.hospital.HospitalApplication       : Starting HospitalApplication on DESKTOP-90JFHR3 with PID 13804 (C:\Users\user\git\hospital\target\classes started by user in C:\Users\user\git\hospital)
2019-09-27 21:21:47.795  INFO 13804 --- [restartedMain] c.i.j.hospital.HospitalApplication       : No active profile set, falling back to default profiles: default
2019-09-27 21:21:47.844  INFO 13804 --- [restartedMain] .e.DevToolsPropertyDefaultsPostProcessor : Devtools property defaults active! Set 'spring.devtools.add-properties' to 'false' to disable
2019-09-27 21:21:47.844  INFO 13804 --- [restartedMain] .e.DevToolsPropertyDefaultsPostProcessor : For additional web related logging consider setting the 'logging.level.web' property to 'DEBUG'
2019-09-27 21:21:48.688  INFO 13804 --- [restartedMain] .s.d.r.c.RepositoryConfigurationDelegate : Bootstrapping Spring Data repositories in DEFAULT mode.
2019-09-27 21:21:48.757  INFO 13804 --- [restartedMain] .s.d.r.c.RepositoryConfigurationDelegate : Finished Spring Data repository scanning in 61ms. Found 5 repository interfaces.
2019-09-27 21:21:49.083  INFO 13804 --- [restartedMain] trationDelegate$BeanPostProcessorChecker : Bean 'org.springframework.transaction.annotation.ProxyTransactionManagementConfiguration' of type [org.springframework.transaction.annotation.ProxyTransactionManagementConfiguration$$EnhancerBySpringCGLIB$$1236c67c] is not eligible for getting processed by all BeanPostProcessors (for example: not eligible for auto-proxying)
2019-09-27 21:21:49.349  INFO 13804 --- [restartedMain] o.s.b.w.embedded.tomcat.TomcatWebServer  : Tomcat initialized with port(s): 8080 (http)
2019-09-27 21:21:49.372  INFO 13804 --- [restartedMain] o.apache.catalina.core.StandardService   : Starting service [Tomcat]
2019-09-27 21:21:49.372  INFO 13804 --- [restartedMain] org.apache.catalina.core.StandardEngine  : Starting Servlet engine: [Apache Tomcat/9.0.22]
2019-09-27 21:21:49.524  INFO 13804 --- [restartedMain] o.a.c.c.C.[Tomcat].[localhost].[/]       : Initializing Spring embedded WebApplicationContext
2019-09-27 21:21:49.524  INFO 13804 --- [restartedMain] o.s.web.context.ContextLoader            : Root WebApplicationContext: initialization completed in 1678 ms
2019-09-27 21:21:49.616  INFO 13804 --- [restartedMain] com.zaxxer.hikari.HikariDataSource       : HikariPool-1 - Starting...
2019-09-27 21:21:49.935  INFO 13804 --- [restartedMain] com.zaxxer.hikari.HikariDataSource       : HikariPool-1 - Start completed.
2019-09-27 21:21:50.768  INFO 13804 --- [restartedMain] o.s.b.d.a.OptionalLiveReloadServer       : LiveReload server is running on port 35729
2019-09-27 21:21:51.057  INFO 13804 --- [restartedMain] o.hibernate.jpa.internal.util.LogHelper  : HHH000204: Processing PersistenceUnitInfo [
	name: default
	...]
2019-09-27 21:21:51.136  INFO 13804 --- [restartedMain] org.hibernate.Version                    : HHH000412: Hibernate Core {5.3.10.Final}
2019-09-27 21:21:51.138  INFO 13804 --- [restartedMain] org.hibernate.cfg.Environment            : HHH000206: hibernate.properties not found
2019-09-27 21:21:51.291  INFO 13804 --- [restartedMain] o.hibernate.annotations.common.Version   : HCANN000001: Hibernate Commons Annotations {5.0.4.Final}
2019-09-27 21:21:51.480  INFO 13804 --- [restartedMain] org.hibernate.dialect.Dialect            : HHH000400: Using dialect: org.hibernate.dialect.MySQL8Dialect
2019-09-27 21:21:52.835  INFO 13804 --- [restartedMain] j.LocalContainerEntityManagerFactoryBean : Initialized JPA EntityManagerFactory for persistence unit 'default'
2019-09-27 21:21:53.561  INFO 13804 --- [restartedMain] c.i.j.h.config.FileStorageConfiguration  : BasePath created: 
2019-09-27 21:21:53.744  INFO 13804 --- [restartedMain] o.s.s.web.DefaultSecurityFilterChain     : Creating filter chain: Ant [pattern='/resources/**'], []
2019-09-27 21:21:53.746  INFO 13804 --- [restartedMain] o.s.s.web.DefaultSecurityFilterChain     : Creating filter chain: Ant [pattern='/static/**'], []
2019-09-27 21:21:53.747  INFO 13804 --- [restartedMain] o.s.s.web.DefaultSecurityFilterChain     : Creating filter chain: Ant [pattern='/templates/**'], []
2019-09-27 21:21:53.749  INFO 13804 --- [restartedMain] o.s.s.web.DefaultSecurityFilterChain     : Creating filter chain: Ant [pattern='/css/**'], []
2019-09-27 21:21:53.752  INFO 13804 --- [restartedMain] o.s.s.web.DefaultSecurityFilterChain     : Creating filter chain: Ant [pattern='/js/**'], []
2019-09-27 21:21:53.752  INFO 13804 --- [restartedMain] o.s.s.web.DefaultSecurityFilterChain     : Creating filter chain: Ant [pattern='/images/**'], []
2019-09-27 21:21:53.839  INFO 13804 --- [restartedMain] o.s.s.web.DefaultSecurityFilterChain     : Creating filter chain: any request, [org.springframework.security.web.context.request.async.WebAsyncManagerIntegrationFilter@be3902e, org.springframework.security.web.context.SecurityContextPersistenceFilter@416276d9, org.springframework.security.web.header.HeaderWriterFilter@4f7e8520, org.springframework.security.web.authentication.logout.LogoutFilter@28d149a9, org.springframework.security.web.authentication.UsernamePasswordAuthenticationFilter@8e9a4c9, org.springframework.security.web.savedrequest.RequestCacheAwareFilter@34cdf50a, org.springframework.security.web.servletapi.SecurityContextHolderAwareRequestFilter@40560b70, org.springframework.security.web.authentication.AnonymousAuthenticationFilter@45801ddc, org.springframework.security.web.session.SessionManagementFilter@15d44ec1, org.springframework.security.web.access.ExceptionTranslationFilter@97fe33e, org.springframework.security.web.access.intercept.FilterSecurityInterceptor@35ed9030]
2019-09-27 21:21:54.242  INFO 13804 --- [restartedMain] o.s.s.concurrent.ThreadPoolTaskExecutor  : Initializing ExecutorService 'applicationTaskExecutor'
2019-09-27 21:21:54.319  WARN 13804 --- [restartedMain] aWebConfiguration$JpaWebMvcConfiguration : spring.jpa.open-in-view is enabled by default. Therefore, database queries may be performed during view rendering. Explicitly configure spring.jpa.open-in-view to disable this warning
2019-09-27 21:21:54.670  INFO 13804 --- [restartedMain] o.s.b.w.embedded.tomcat.TomcatWebServer  : Tomcat started on port(s): 8080 (http) with context path ''
2019-09-27 21:21:54.674  INFO 13804 --- [restartedMain] c.i.j.hospital.HospitalApplication       : Started HospitalApplication in 7.28 seconds (JVM running for 8.238)
2019-09-27 21:22:07.942  INFO 13804 --- [http-nio-8080-exec-1] o.a.c.c.C.[Tomcat].[localhost].[/]       : Initializing Spring DispatcherServlet 'dispatcherServlet'
2019-09-27 21:22:07.944  INFO 13804 --- [http-nio-8080-exec-1] o.s.web.servlet.DispatcherServlet        : Initializing Servlet 'dispatcherServlet'
2019-09-27 21:22:07.957  INFO 13804 --- [http-nio-8080-exec-1] o.s.web.servlet.DispatcherServlet        : Completed initialization in 12 ms
2019-09-27 21:22:12.437  WARN 13804 --- [http-nio-8080-exec-10] o.a.c.util.SessionIdGeneratorBase        : Creation of SecureRandom instance for session ID generation using [SHA1PRNG] took [257] milliseconds.
2019-09-27 21:22:28.557  INFO 13804 --- [http-nio-8080-exec-7] o.h.h.i.QueryTranslatorFactoryInitiator  : HHH000397: Using ASTQueryTranslatorFactory
2019-09-27 21:22:40.189  INFO 13804 --- [http-nio-8080-exec-2] c.i.j.h.controller.UserController        : new user User(id=100, email=tariksyurts@gmail.com, password=$2a$10$Ap9TBe4iuP2uxp3J2Ukm0ONwR.DmPQZRpl0laNsXgGIC4k0.1yrNe, firstName=Taras, lastName=Yurts, dateOfRegistration=2019-09-27, photo=null, roles=[Role(id=5, name=PATIENT), Role(id=2, name=USER)])
